2025-01-04 11:57:15 INFO  o.h.validator.internal.util.Version - HV000001: Hibernate Validator 8.0.1.Final
2025-01-04 11:57:15 INFO  c.j.jobapplication.JobApplication - Starting JobApplication using Java 23.0.1 with PID 928 (/Users/prashansrivastava/Desktop/JobApplication/target/classes started by prashansrivastava in /Users/prashansrivastava/Desktop/JobApplication)
2025-01-04 11:57:15 DEBUG c.j.jobapplication.JobApplication - Running with Spring Boot v3.4.0, Spring v6.2.0
2025-01-04 11:57:15 INFO  c.j.jobapplication.JobApplication - No active profile set, falling back to 1 default profile: "default"
2025-01-04 11:57:16 INFO  o.s.d.r.c.RepositoryConfigurationDelegate - Bootstrapping Spring Data JPA repositories in DEFAULT mode.
2025-01-04 11:57:16 INFO  o.s.d.r.c.RepositoryConfigurationDelegate - Finished Spring Data repository scanning in 20 ms. Found 1 JPA repository interface.
2025-01-04 11:57:16 INFO  o.s.b.w.e.tomcat.TomcatWebServer - Tomcat initialized with port 8080 (http)
2025-01-04 11:57:16 INFO  o.a.coyote.http11.Http11NioProtocol - Initializing ProtocolHandler ["http-nio-8080"]
2025-01-04 11:57:16 INFO  o.a.catalina.core.StandardService - Starting service [Tomcat]
2025-01-04 11:57:16 INFO  o.a.catalina.core.StandardEngine - Starting Servlet engine: [Apache Tomcat/10.1.33]
2025-01-04 11:57:16 INFO  o.a.c.c.C.[Tomcat].[localhost].[/] - Initializing Spring embedded WebApplicationContext
2025-01-04 11:57:16 INFO  o.s.b.w.s.c.ServletWebServerApplicationContext - Root WebApplicationContext: initialization completed in 623 ms
2025-01-04 11:57:16 INFO  com.zaxxer.hikari.HikariDataSource - HikariPool-1 - Starting...
2025-01-04 11:57:16 INFO  com.zaxxer.hikari.pool.HikariPool - HikariPool-1 - Added connection conn0: url=jdbc:h2:mem:testdb user=PRASHAN
2025-01-04 11:57:16 INFO  com.zaxxer.hikari.HikariDataSource - HikariPool-1 - Start completed.
2025-01-04 11:57:16 INFO  o.h.jpa.internal.util.LogHelper - HHH000204: Processing PersistenceUnitInfo [name: default]
2025-01-04 11:57:16 INFO  org.hibernate.Version - HHH000412: Hibernate ORM core version 6.6.2.Final
2025-01-04 11:57:16 INFO  o.h.c.i.RegionFactoryInitiator - HHH000026: Second-level cache disabled
2025-01-04 11:57:16 INFO  o.s.o.j.p.SpringPersistenceUnitInfo - No LoadTimeWeaver setup: ignoring JPA class transformer
2025-01-04 11:57:16 WARN  org.hibernate.orm.deprecation - HHH90000025: H2Dialect does not need to be specified explicitly using 'hibernate.dialect' (remove the property setting and it will be selected by default)
2025-01-04 11:57:16 INFO  o.hibernate.orm.connections.pooling - HHH10001005: Database info:
	Database JDBC URL [Connecting through datasource 'HikariDataSource (HikariPool-1)']
	Database driver: undefined/unknown
	Database version: 2.3.232
	Autocommit mode: undefined/unknown
	Isolation level: undefined/unknown
	Minimum pool size: undefined/unknown
	Maximum pool size: undefined/unknown
2025-01-04 11:57:17 INFO  o.h.e.t.j.p.i.JtaPlatformInitiator - HHH000489: No JTA platform available (set 'hibernate.transaction.jta.platform' to enable JTA platform integration)
2025-01-04 11:57:17 INFO  o.s.o.j.LocalContainerEntityManagerFactoryBean - Initialized JPA EntityManagerFactory for persistence unit 'default'
2025-01-04 11:57:17 WARN  o.s.b.a.o.j.JpaBaseConfiguration$JpaWebConfiguration - spring.jpa.open-in-view is enabled by default. Therefore, database queries may be performed during view rendering. Explicitly configure spring.jpa.open-in-view to disable this warning
2025-01-04 11:57:17 INFO  o.a.coyote.http11.Http11NioProtocol - Starting ProtocolHandler ["http-nio-8080"]
2025-01-04 11:57:17 INFO  o.s.b.w.e.tomcat.TomcatWebServer - Tomcat started on port 8080 (http) with context path '/'
2025-01-04 11:57:17 INFO  c.j.jobapplication.JobApplication - Started JobApplication in 1.965 seconds (process running for 2.347)
2025-01-04 11:57:30 INFO  o.a.c.c.C.[Tomcat].[localhost].[/] - Initializing Spring DispatcherServlet 'dispatcherServlet'
2025-01-04 11:57:30 INFO  o.s.web.servlet.DispatcherServlet - Initializing Servlet 'dispatcherServlet'
2025-01-04 11:57:30 INFO  o.s.web.servlet.DispatcherServlet - Completed initialization in 1 ms
2025-01-04 11:57:30 INFO  c.j.j.service.JobServiceImpl - Job has been created
2025-01-04 11:57:31 INFO  c.j.j.service.JobServiceImpl - Job has been created
2025-01-04 11:57:32 INFO  c.j.j.service.JobServiceImpl - Job has been created
2025-01-04 11:57:33 INFO  c.j.j.service.JobServiceImpl - Job has been created
2025-01-04 11:57:40 INFO  c.j.j.service.JobServiceImpl - Job is deleted
